<?xml version="1.0" encoding="UTF-8"?>
<!-- Generated by org.testng.reporters.JUnitReportReporter -->
<testsuite hostname="Naveen" failures="0" tests="1" name="com.Guru99BankApplicationWebPagesTesting.New_CustomerPage_Test" time="88.058" errors="0" timestamp="2024-03-30T20:43:18 IST" skipped="0">
  <testcase classname="com.Guru99BankApplicationWebPagesTesting.New_CustomerPage_Test" name="LoginDetails" time="88.058"/>
</testsuite> <!-- com.Guru99BankApplicationWebPagesTesting.New_CustomerPage_Test -->
