<?xml version="1.0" encoding="UTF-8"?>
<!-- Generated by org.testng.reporters.JUnitReportReporter -->
<testsuite hostname="Naveen" failures="0" tests="1" name="com.Guru99BankApplicationWebPagesTesting.EditCustomerPageTest" time="33.246" errors="0" timestamp="2024-03-30T20:43:18 IST" skipped="0">
  <testcase classname="com.Guru99BankApplicationWebPagesTesting.EditCustomerPageTest" name="Test_Edit_customerPage" time="33.246"/>
</testsuite> <!-- com.Guru99BankApplicationWebPagesTesting.EditCustomerPageTest -->
