<?xml version="1.0" encoding="UTF-8"?>
<!-- Generated by org.testng.reporters.JUnitReportReporter -->
<testsuite hostname="Naveen" failures="0" tests="1" name="com.Guru99BankApplicationWebPagesTesting.Guru99Bank_LoginPageTest" time="20.631" errors="0" timestamp="2024-03-30T20:43:18 IST" skipped="0">
  <testcase classname="com.Guru99BankApplicationWebPagesTesting.Guru99Bank_LoginPageTest" name="LoginPageValidation" time="20.631"/>
</testsuite> <!-- com.Guru99BankApplicationWebPagesTesting.Guru99Bank_LoginPageTest -->
